<?xml version="1.0" encoding="UTF-8"?>
<!-- Generated by org.testng.reporters.JUnitReportReporter -->
<testsuite hostname="DESKTOP-ISADT93" failures="0" tests="2" name="com.PaymentTest" time="0.002" errors="0" timestamp="2023-01-05T08:53:09 IST" skipped="0">
  <testcase classname="com.PaymentTest" name="creditCard" time="0.001"/>
  <system-out/>
  <testcase classname="com.PaymentTest" name="debitCard" time="0.001"/>
  <system-out/>
</testsuite> <!-- com.PaymentTest -->
