<?xml version="1.0" encoding="UTF-8"?>
<!-- Generated by org.testng.reporters.JUnitReportReporter -->
<testsuite hostname="DESKTOP-ISADT93" failures="0" tests="1" name="com.MyTest" time="0.017" errors="0" timestamp="2023-01-05T08:53:09 IST" skipped="0">
  <testcase classname="com.MyTest" name="alpha" time="0.017"/>
  <system-out/>
</testsuite> <!-- com.MyTest -->
