<?xml version="1.0" encoding="UTF-8"?>
<!-- Generated by org.testng.reporters.JUnitReportReporter -->
<testsuite hostname="DESKTOP-ISADT93" failures="0" tests="6" name="eshop.Payment" time="0.015" errors="0" timestamp="2023-01-03T09:16:48 IST" skipped="0">
  <testcase classname="eshop.Payment" name="creditCard" time="0.004"/>
  <system-out/>
  <testcase classname="eshop.Payment" name="cod" time="0.001"/>
  <system-out/>
  <testcase classname="eshop.Payment" name="cod" time="0.001"/>
  <system-out/>
  <testcase classname="eshop.Payment" name="debitCard" time="0.001"/>
  <system-out/>
  <testcase classname="eshop.Payment" name="debitCard" time="0.004"/>
  <system-out/>
  <testcase classname="eshop.Payment" name="creditCard" time="0.004"/>
  <system-out/>
</testsuite> <!-- eshop.Payment -->
