<?xml version="1.0" encoding="UTF-8"?>
<!-- Generated by org.testng.reporters.JUnitReportReporter -->
<testsuite hostname="DESKTOP-ISADT93" failures="0" tests="3" name="dependency.DemoTest" time="0.011" errors="0" timestamp="2023-01-03T09:09:45 IST" skipped="0">
  <testcase classname="dependency.DemoTest" name="test2" time="0.001"/>
  <system-out/>
  <testcase classname="dependency.DemoTest" name="test3" time="0.002"/>
  <system-out/>
  <testcase classname="dependency.DemoTest" name="test1" time="0.008"/>
  <system-out/>
</testsuite> <!-- dependency.DemoTest -->
