<?xml version="1.0" encoding="UTF-8"?>
<!-- Generated by org.testng.reporters.JUnitReportReporter -->
<testsuite hostname="DESKTOP-ISADT93" failures="0" tests="4" name="eshop.Cart" time="0.008" errors="0" timestamp="2023-01-03T09:16:48 IST" skipped="0">
  <testcase classname="eshop.Cart" name="removeItem" time="0.003"/>
  <system-out/>
  <testcase classname="eshop.Cart" name="removeItem" time="0.000"/>
  <system-out/>
  <testcase classname="eshop.Cart" name="editItem" time="0.004"/>
  <system-out/>
  <testcase classname="eshop.Cart" name="editItem" time="0.001"/>
  <system-out/>
</testsuite> <!-- eshop.Cart -->
