<?xml version="1.0" encoding="UTF-8"?>
<!-- Generated by org.testng.reporters.JUnitReportReporter -->
<testsuite hostname="DESKTOP-ISADT93" failures="0" tests="6" name="com.Hybriddriven" time="15.191" errors="0" timestamp="2022-12-31T09:00:23 IST" skipped="0">
  <testcase classname="com.Hybriddriven" name="test" time="2.144"/>
  <system-out/>
  <testcase classname="com.Hybriddriven" name="test" time="2.103"/>
  <system-out/>
  <testcase classname="com.Hybriddriven" name="test" time="4.228"/>
  <system-out/>
  <testcase classname="com.Hybriddriven" name="test" time="2.377"/>
  <system-out/>
  <testcase classname="com.Hybriddriven" name="test" time="2.109"/>
  <system-out/>
  <testcase classname="com.Hybriddriven" name="test" time="2.230"/>
  <system-out/>
</testsuite> <!-- com.Hybriddriven -->
