<?xml version="1.0" encoding="UTF-8"?>
<!-- Generated by org.testng.reporters.JUnitReportReporter -->
<testsuite hostname="DESKTOP-ISADT93" failures="0" tests="3" name="com.DataDriven" time="0.585" errors="0" timestamp="2022-12-30T16:27:02 IST" skipped="0">
  <testcase classname="com.DataDriven" name="logintest" time="0.244"/>
  <system-out/>
  <testcase classname="com.DataDriven" name="logintest" time="0.167"/>
  <system-out/>
  <testcase classname="com.DataDriven" name="logintest" time="0.174"/>
  <system-out/>
</testsuite> <!-- com.DataDriven -->
