<?xml version="1.0" encoding="UTF-8"?>
<!-- Generated by org.testng.reporters.JUnitReportReporter -->
<testsuite hostname="DESKTOP-ISADT93" failures="0" tests="4" name="basic.Newtest1" time="0.023" errors="0" timestamp="2022-12-24T08:09:30 IST" skipped="1">
  <testcase classname="basic.Newtest1" name="login" time="0.012"/>
  <system-out/>
  <testcase classname="basic.Newtest1" name="home" time="0.002"/>
  <system-out/>
  <testcase classname="basic.Newtest1" name="test1" time="0.009"/>
  <system-out/>
  <testcase classname="basic.Newtest1" name="alpha">
    <skipped/>
  </testcase> <!-- alpha -->
  <system-out/>
</testsuite> <!-- basic.Newtest1 -->
