<?xml version="1.0" encoding="UTF-8"?>
<!-- Generated by org.testng.reporters.JUnitReportReporter -->
<testsuite hostname="DESKTOP-ISADT93" failures="0" tests="3" name="parameters.Parameterised_login_multi" time="0.667" errors="0" timestamp="2022-12-22T09:00:28 IST" skipped="0">
  <testcase classname="parameters.Parameterised_login_multi" name="logintest" time="0.260"/>
  <system-out/>
  <testcase classname="parameters.Parameterised_login_multi" name="logintest" time="0.207"/>
  <system-out/>
  <testcase classname="parameters.Parameterised_login_multi" name="logintest" time="0.200"/>
  <system-out/>
</testsuite> <!-- parameters.Parameterised_login_multi -->
