<?xml version="1.0" encoding="UTF-8"?>
<!-- Generated by org.testng.reporters.JUnitReportReporter -->
<testsuite hostname="DESKTOP-ISADT93" failures="0" tests="3" name="dependency.DemoTest" time="0.020" errors="0" timestamp="2022-12-24T08:17:02 IST" skipped="0">
  <testcase classname="dependency.DemoTest" name="test1" time="0.016"/>
  <system-out/>
  <testcase classname="dependency.DemoTest" name="test3" time="0.002"/>
  <system-out/>
  <testcase classname="dependency.DemoTest" name="test2" time="0.002"/>
  <system-out/>
</testsuite> <!-- dependency.DemoTest -->
