<?xml version="1.0" encoding="UTF-8"?>
<!-- Generated by org.testng.reporters.JUnitReportReporter -->
<testsuite hostname="DESKTOP-ISADT93" failures="0" tests="4" name="eshop.Cart" time="0.010" errors="0" timestamp="2022-12-22T08:47:04 IST" skipped="0">
  <testcase classname="eshop.Cart" name="editItem" time="0.002"/>
  <system-out/>
  <testcase classname="eshop.Cart" name="editItem" time="0.002"/>
  <system-out/>
  <testcase classname="eshop.Cart" name="removeItem" time="0.003"/>
  <system-out/>
  <testcase classname="eshop.Cart" name="removeItem" time="0.003"/>
  <system-out/>
</testsuite> <!-- eshop.Cart -->
