<?xml version="1.0" encoding="UTF-8"?>
<!-- Generated by org.testng.reporters.JUnitReportReporter -->
<testsuite hostname="DESKTOP-ISADT93" failures="0" tests="2" name="crossbrowser.MyTest" time="8.921" errors="0" timestamp="2022-12-27T08:30:29 IST" skipped="0">
  <testcase classname="crossbrowser.MyTest" name="test" time="3.010"/>
  <system-out/>
  <testcase classname="crossbrowser.MyTest" name="test" time="5.911"/>
  <system-out/>
</testsuite> <!-- crossbrowser.MyTest -->
