<?xml version="1.0" encoding="UTF-8"?>
<!-- Generated by org.testng.reporters.JUnitReportReporter -->
<testsuite hostname="DESKTOP-ISADT93" failures="0" tests="1" name="parameters.LoginTest" time="4.932" errors="0" timestamp="2022-12-22T08:56:54 IST" skipped="0">
  <testcase classname="parameters.LoginTest" name="login" time="4.932"/>
  <system-out/>
</testsuite> <!-- parameters.LoginTest -->
