<?xml version="1.0" encoding="UTF-8"?>
<!-- Generated by org.testng.reporters.JUnitReportReporter -->
<testsuite hostname="DESKTOP-ISADT93" failures="0" tests="6" name="eshop.Payment" time="0.030" errors="0" timestamp="2022-12-22T08:47:04 IST" skipped="0">
  <testcase classname="eshop.Payment" name="cod" time="0.003"/>
  <system-out/>
  <testcase classname="eshop.Payment" name="debitCard" time="0.009"/>
  <system-out/>
  <testcase classname="eshop.Payment" name="debitCard" time="0.005"/>
  <system-out/>
  <testcase classname="eshop.Payment" name="cod" time="0.003"/>
  <system-out/>
  <testcase classname="eshop.Payment" name="creditCard" time="0.003"/>
  <system-out/>
  <testcase classname="eshop.Payment" name="creditCard" time="0.007"/>
  <system-out/>
</testsuite> <!-- eshop.Payment -->
